<?xml version="1.0" encoding="UTF-8"?>
<coverage generated="1518352968258" clover="3.2.0">
  <project timestamp="1518352968258" name="All files">
    <metrics statements="57" coveredstatements="56" conditionals="21" coveredconditionals="21" methods="27" coveredmethods="26" elements="105" coveredelements="103" complexity="0" loc="57" ncloc="57" packages="1" files="1" classes="1">
      <file name="event-response.ts" path="/Users/kensuke-hoshikawa/git/event-response/src/event-response.ts">
        <metrics statements="57" coveredstatements="56" conditionals="21" coveredconditionals="21" methods="27" coveredmethods="26"/>
        <line num="2" count="1" type="cond" truecount="3" falsecount="0"/>
        <line num="3" count="35" type="cond" truecount="2" falsecount="0"/>
        <line num="4" count="23" type="stmt"/>
        <line num="5" count="0" type="stmt"/>
        <line num="6" count="58" type="cond" truecount="2" falsecount="0"/>
        <line num="7" count="35" type="cond" truecount="2" falsecount="0"/>
        <line num="10" count="1" type="stmt"/>
        <line num="11" count="1" type="stmt"/>
        <line num="14" count="1" type="stmt"/>
        <line num="15" count="1" type="stmt"/>
        <line num="17" count="1" type="stmt"/>
        <line num="18" count="5" type="stmt"/>
        <line num="21" count="1" type="stmt"/>
        <line num="22" count="1" type="stmt"/>
        <line num="23" count="1" type="stmt"/>
        <line num="24" count="1" type="stmt"/>
        <line num="28" count="10" type="stmt"/>
        <line num="33" count="7" type="stmt"/>
        <line num="39" count="9" type="stmt"/>
        <line num="40" count="9" type="cond" truecount="2" falsecount="0"/>
        <line num="41" count="2" type="stmt"/>
        <line num="43" count="7" type="stmt"/>
        <line num="44" count="7" type="cond" truecount="2" falsecount="0"/>
        <line num="45" count="5" type="stmt"/>
        <line num="46" count="5" type="stmt"/>
        <line num="52" count="5" type="stmt"/>
        <line num="55" count="2" type="stmt"/>
        <line num="56" count="2" type="stmt"/>
        <line num="57" count="2" type="stmt"/>
        <line num="62" count="4" type="stmt"/>
        <line num="63" count="4" type="cond" truecount="2" falsecount="0"/>
        <line num="64" count="1" type="stmt"/>
        <line num="66" count="3" type="stmt"/>
        <line num="67" count="3" type="stmt"/>
        <line num="68" count="1" type="stmt"/>
        <line num="73" count="13" type="stmt"/>
        <line num="76" count="1" type="stmt"/>
        <line num="79" count="13" type="stmt"/>
        <line num="82" count="13" type="stmt"/>
        <line num="85" count="4" type="stmt"/>
        <line num="86" count="4" type="stmt"/>
        <line num="87" count="4" type="cond" truecount="2" falsecount="0"/>
        <line num="88" count="1" type="stmt"/>
        <line num="90" count="4" type="stmt"/>
        <line num="94" count="4" type="stmt"/>
        <line num="98" count="9" type="stmt"/>
        <line num="99" count="9" type="stmt"/>
        <line num="100" count="9" type="stmt"/>
        <line num="101" count="9" type="cond" truecount="2" falsecount="0"/>
        <line num="102" count="5" type="stmt"/>
        <line num="104" count="9" type="stmt"/>
        <line num="108" count="9" type="stmt"/>
        <line num="112" count="3" type="stmt"/>
        <line num="113" count="3" type="stmt"/>
        <line num="117" count="6" type="stmt"/>
        <line num="118" count="6" type="stmt"/>
        <line num="122" count="1" type="stmt"/>
      </file>
    </metrics>
  </project>
</coverage>
