TN:
SF:/Users/kensuke-hoshikawa/git/event-response/src/event-response.ts
FN:2,(anonymous_0)
FN:3,(anonymous_1)
FN:4,fulfilled
FN:5,rejected
FN:6,step
FN:6,(anonymous_5)
FN:14,(anonymous_6)
FN:17,(anonymous_7)
FN:21,(anonymous_8)
FN:27,(anonymous_9)
FN:32,(anonymous_10)
FN:38,(anonymous_11)
FN:39,(anonymous_12)
FN:61,(anonymous_13)
FN:62,(anonymous_14)
FN:67,(anonymous_15)
FN:72,(anonymous_16)
FN:78,(anonymous_17)
FN:81,(anonymous_18)
FN:84,(anonymous_19)
FN:85,(anonymous_20)
FN:97,(anonymous_21)
FN:98,(anonymous_22)
FN:111,(anonymous_23)
FN:112,(anonymous_24)
FN:116,(anonymous_25)
FN:117,(anonymous_26)
FNF:27
FNH:26
FNDA:35,(anonymous_0)
FNDA:35,(anonymous_1)
FNDA:23,fulfilled
FNDA:0,rejected
FNDA:58,step
FNDA:23,(anonymous_5)
FNDA:1,(anonymous_6)
FNDA:5,(anonymous_7)
FNDA:1,(anonymous_8)
FNDA:10,(anonymous_9)
FNDA:7,(anonymous_10)
FNDA:9,(anonymous_11)
FNDA:9,(anonymous_12)
FNDA:4,(anonymous_13)
FNDA:4,(anonymous_14)
FNDA:1,(anonymous_15)
FNDA:13,(anonymous_16)
FNDA:13,(anonymous_17)
FNDA:13,(anonymous_18)
FNDA:4,(anonymous_19)
FNDA:4,(anonymous_20)
FNDA:9,(anonymous_21)
FNDA:9,(anonymous_22)
FNDA:3,(anonymous_23)
FNDA:3,(anonymous_24)
FNDA:6,(anonymous_25)
FNDA:6,(anonymous_26)
DA:2,1
DA:3,35
DA:4,23
DA:5,0
DA:6,58
DA:7,35
DA:10,1
DA:11,1
DA:14,1
DA:15,1
DA:17,1
DA:18,5
DA:21,1
DA:22,1
DA:23,1
DA:24,1
DA:28,10
DA:33,7
DA:39,9
DA:40,9
DA:41,2
DA:43,7
DA:44,7
DA:45,5
DA:46,5
DA:52,5
DA:55,2
DA:56,2
DA:57,2
DA:62,4
DA:63,4
DA:64,1
DA:66,3
DA:67,3
DA:68,1
DA:73,13
DA:76,1
DA:79,13
DA:82,13
DA:85,4
DA:86,4
DA:87,4
DA:88,1
DA:90,4
DA:94,4
DA:98,9
DA:99,9
DA:100,9
DA:101,9
DA:102,5
DA:104,9
DA:108,9
DA:112,3
DA:113,3
DA:117,6
DA:118,6
DA:122,1
LF:57
LH:56
BRDA:2,0,0,1
BRDA:2,0,1,1
BRDA:2,0,2,1
BRDA:3,1,0,35
BRDA:3,1,1,35
BRDA:6,2,0,35
BRDA:6,2,1,23
BRDA:7,3,0,35
BRDA:7,3,1,35
BRDA:25,4,0,1
BRDA:25,4,1,1
BRDA:40,5,0,2
BRDA:40,5,1,7
BRDA:44,6,0,5
BRDA:44,6,1,2
BRDA:63,7,0,1
BRDA:63,7,1,3
BRDA:87,8,0,1
BRDA:87,8,1,3
BRDA:101,9,0,5
BRDA:101,9,1,4
BRF:21
BRH:21
end_of_record
